2025-08-12 04:47:18.046: [INFO] VisibilityChanged: 0
2025-08-12 04:47:18.083: [INFO] RecordSyncInitDuration has_sync_been_enabled: 0 state: 0
2025-08-12 04:47:18.084: [INFO] RecordSyncInitDuration has_sync_been_enabled: 0 state: 0
2025-08-12 04:47:18.085: [INFO] RecordSyncInitDuration has_sync_been_enabled: 0 state: 0
2025-08-12 04:47:18.086: [INFO] RecordSyncInitDuration has_sync_been_enabled: 0 state: 0
2025-08-12 04:47:18.087: [INFO] RecordSyncInitDuration has_sync_been_enabled: 0 state: 0
2025-08-12 04:47:18.089: [INFO] RecordSyncInitDuration has_sync_been_enabled: 0 state: 0
2025-08-12 04:47:18.090: [INFO] RecordSyncInitDuration has_sync_been_enabled: 0 state: 0
2025-08-12 04:47:18.091: [INFO] RecordSyncInitDuration has_sync_been_enabled: 0 state: 0
2025-08-12 04:47:18.093: [INFO] RecordSyncInitDuration has_sync_been_enabled: 0 state: 0
2025-08-12 04:47:18.094: [INFO] RecordSyncInitDuration has_sync_been_enabled: 0 state: 0
2025-08-12 04:47:18.095: [INFO] RecordSyncInitDuration has_sync_been_enabled: 0 state: 0
2025-08-12 04:47:18.103: [INFO] BookmarkModelLoaded, ids_reassigned: 0
2025-08-12 04:47:18.103: [INFO] OnDoneLoading sync enabled: 0
2025-08-12 04:47:18.167: [INFO] RecordSyncInitDuration has_sync_been_enabled: 0 state: 0
2025-08-12 04:47:21.094: [INFO] RecordSyncInitDuration has_sync_been_enabled: 0 state: 0
2025-08-12 04:47:21.096: [INFO] Primary account changed.
2025-08-12 04:47:21.096: [INFO] OnPrimaryAccountChanged PrimaryAccountChangeEvent::Type::kSet
2025-08-12 04:47:21.099: [INFO] RecordSyncInitDuration has_sync_been_enabled: 0 state: 0
2025-08-12 04:47:21.104: [INFO] RecordSyncInitDuration has_sync_been_enabled: 0 state: 0
